<?xml version="1.0" encoding="UTF-8"?>
<testng-results ignored="0" total="1" passed="1" failed="0" skipped="0">
  <reporter-output>
  </reporter-output>
  <suite started-at="2021-03-25T22:27:28 IST" name="NBK_DVP_API_Automation" finished-at="2021-03-25T22:27:37 IST" duration-ms="8858">
    <groups>
    </groups>
    <test started-at="2021-03-25T22:27:28 IST" name="Test" finished-at="2021-03-25T22:27:37 IST" duration-ms="8858">
      <class name="nbk.api.request.activation.AllPOSTRequestWithOneActivationID">
        <test-method signature="UsernameActivationPOSTwithActivationID()[pri:0, instance:nbk.api.request.activation.AllPOSTRequestWithOneActivationID@22e357dc]" started-at="2021-03-25T22:27:29 IST" name="UsernameActivationPOSTwithActivationID" finished-at="2021-03-25T22:27:37 IST" duration-ms="8017" status="PASS">
          <reporter-output>
          </reporter-output>
        </test-method> <!-- UsernameActivationPOSTwithActivationID -->
      </class> <!-- nbk.api.request.activation.AllPOSTRequestWithOneActivationID -->
    </test> <!-- Test -->
  </suite> <!-- NBK_DVP_API_Automation -->
</testng-results>
