<?xml version="1.0" encoding="UTF-8"?>
<!-- Generated by org.testng.reporters.JUnitXMLReporter -->
<testsuite ignored="7" hostname="THSLT10210" failures="1" tests="2" name="Test" time="13.801" errors="0" timestamp="2021-04-13T11:12:06 IST">
  <testcase classname="nbk.api.request.activation.AllPOSTRequestWithOneActivationID" name="AllRequestswithActivationID" time="11.403">
    <failure type="java.lang.AssertionError" message="1 expectation failed.
Expected header &amp;quot;Content-Length&amp;quot; was not &amp;quot;1623&amp;quot;, was &amp;quot;1841&amp;quot;. Headers are:
Server=nginx/1.19.6
Date=Tue, 13 Apr 2021 05:43:25 GMT
Content-Type=application/json
Content-Length=1841
Connection=keep-alive
">
      <![CDATA[java.lang.AssertionError: 1 expectation failed.
Expected header "Content-Length" was not "1623", was "1841". Headers are:
Server=nginx/1.19.6
Date=Tue, 13 Apr 2021 05:43:25 GMT
Content-Type=application/json
Content-Length=1841
Connection=keep-alive

at org.codehaus.groovy.runtime.callsite.ConstructorSite$ConstructorSiteNoUnwrap.callConstructor(ConstructorSite.java:84)
at org.codehaus.groovy.runtime.callsite.CallSiteArray.defaultCallConstructor(CallSiteArray.java:59)
at org.codehaus.groovy.runtime.callsite.AbstractCallSite.callConstructor(AbstractCallSite.java:263)
at org.codehaus.groovy.runtime.callsite.AbstractCallSite.callConstructor(AbstractCallSite.java:277)
at io.restassured.internal.ResponseSpecificationImpl$HamcrestAssertionClosure.validate(ResponseSpecificationImpl.groovy:493)
at io.restassured.internal.ResponseSpecificationImpl$HamcrestAssertionClosure$validate$1.call(Unknown Source)
at io.restassured.internal.ResponseSpecificationImpl.validateResponseIfRequired(ResponseSpecificationImpl.groovy:674)
at org.codehaus.groovy.runtime.callsite.PlainObjectMetaMethodSite.doInvoke(PlainObjectMetaMethodSite.java:43)
at org.codehaus.groovy.runtime.callsite.PogoMetaMethodSite$PogoCachedMethodSiteNoUnwrapNoCoerce.invoke(PogoMetaMethodSite.java:193)
at org.codehaus.groovy.runtime.callsite.PogoMetaMethodSite.callCurrent(PogoMetaMethodSite.java:61)
at org.codehaus.groovy.runtime.callsite.AbstractCallSite.callCurrent(AbstractCallSite.java:185)
at io.restassured.internal.ResponseSpecificationImpl.headers(ResponseSpecificationImpl.groovy:147)
at io.restassured.internal.ValidatableResponseOptionsImpl.headers(ValidatableResponseOptionsImpl.java:104)
at io.restassured.internal.ValidatableResponseImpl.super$2$headers(ValidatableResponseImpl.groovy)
at groovy.lang.MetaMethod.doMethodInvoke(MetaMethod.java:323)
at groovy.lang.MetaClassImpl.invokeMethod(MetaClassImpl.java:1268)
at org.codehaus.groovy.runtime.ScriptBytecodeAdapter.invokeMethodOnSuperN(ScriptBytecodeAdapter.java:144)
at io.restassured.internal.ValidatableResponseImpl.headers(ValidatableResponseImpl.groovy:160)
at io.restassured.internal.ValidatableResponseImpl.headers(ValidatableResponseImpl.groovy)
at nbk.api.request.activation.termsActivationGET.TermsActivationGETRequest(termsActivationGET.java:30)
at nbk.api.request.activation.AllPOSTRequestWithOneActivationID.AllRequestswithActivationID(AllPOSTRequestWithOneActivationID.java:29)
at java.base/java.util.ArrayList.forEach(ArrayList.java:1511)
... Removed 43 stack frames]]>
    </failure>
  </testcase> <!-- AllRequestswithActivationID -->
  <testcase classname="nbk.api.request.activation.AllPOSTRequestWithOneActivationID" name="UsernameActivationPOSTwithActivationID" time="1.44"/>
  <testcase classname="nbk.api.request.activation.AllPOSTRequestWithOneActivationID" name="EmailActivationPOSTwithActivationID" time="0.0">
    <ignored/>
  </testcase> <!-- EmailActivationPOSTwithActivationID -->
  <testcase classname="nbk.api.request.activation.AllPOSTRequestWithOneActivationID" name="PhoneConfirmationPOSTwithActivationID" time="0.0">
    <ignored/>
  </testcase> <!-- PhoneConfirmationPOSTwithActivationID -->
  <testcase classname="nbk.api.request.activation.AllPOSTRequestWithOneActivationID" name="TermsActivationGETwithActivationID" time="0.0">
    <ignored/>
  </testcase> <!-- TermsActivationGETwithActivationID -->
  <testcase classname="nbk.api.request.activation.AllPOSTRequestWithOneActivationID" name="TermsConfirmationPOSTwithActivationID" time="0.0">
    <ignored/>
  </testcase> <!-- TermsConfirmationPOSTwithActivationID -->
  <testcase classname="nbk.api.request.activation.AllPOSTRequestWithOneActivationID" name="EmailConfirmationPOSTwithActivationID" time="0.0">
    <ignored/>
  </testcase> <!-- EmailConfirmationPOSTwithActivationID -->
  <testcase classname="nbk.api.request.activation.AllPOSTRequestWithOneActivationID" name="PasswordSetupPOSTwithActivationID" time="0.0">
    <ignored/>
  </testcase> <!-- PasswordSetupPOSTwithActivationID -->
  <testcase classname="nbk.api.request.activation.AllPOSTRequestWithOneActivationID" name="PhoneActivationPOSTwithActivationID" time="0.0">
    <ignored/>
  </testcase> <!-- PhoneActivationPOSTwithActivationID -->
</testsuite> <!-- Test -->
